<?xml version="1.0" encoding="UTF-8"?>
<testng-results ignored="0" total="1" passed="1" failed="0" skipped="0">
  <reporter-output>
  </reporter-output>
  <suite started-at="2022-02-27T10:47:57Z" name="OrangeHRM" finished-at="2022-02-27T10:48:24Z" duration-ms="27000">
    <groups>
    </groups>
    <test started-at="2022-02-27T10:47:57Z" name="ChromeTest" finished-at="2022-02-27T10:48:24Z" duration-ms="27000">
      <class name="com.O_HRM.TestCases.TestCase_Leave_005">
        <test-method is-config="true" signature="setup(java.lang.String)[pri:0, instance:com.O_HRM.TestCases.TestCase_Leave_005@5db250b4]" started-at="2022-02-27T10:47:57Z" name="setup" finished-at="2022-02-27T10:48:05Z" duration-ms="7666" status="PASS">
          <params>
            <param index="0">
              <value>
                <![CDATA[chrome]]>
              </value>
            </param>
          </params>
          <reporter-output>
          </reporter-output>
        </test-method> <!-- setup -->
        <test-method signature="leaveportal()[pri:0, instance:com.O_HRM.TestCases.TestCase_Leave_005@5db250b4]" started-at="2022-02-27T10:48:05Z" name="leaveportal" finished-at="2022-02-27T10:48:24Z" duration-ms="19153" status="PASS">
          <reporter-output>
          </reporter-output>
        </test-method> <!-- leaveportal -->
        <test-method is-config="true" signature="tearDown()[pri:0, instance:com.O_HRM.TestCases.TestCase_Leave_005@5db250b4]" started-at="2022-02-27T10:48:24Z" name="tearDown" finished-at="2022-02-27T10:48:24Z" duration-ms="0" status="PASS">
          <reporter-output>
          </reporter-output>
        </test-method> <!-- tearDown -->
      </class> <!-- com.O_HRM.TestCases.TestCase_Leave_005 -->
    </test> <!-- ChromeTest -->
  </suite> <!-- OrangeHRM -->
</testng-results>
